
-----
Test: tests/test_buy_product.py::test_buy_product_1 (call)
Start time: 2024-09-14 09:42:21.611380
Start name method: authorization

End time: 2024-09-14 09:42:22.922868
End name method: authorization
URL: https://www.saucedemo.com/inventory.html

-----

-----
Test: tests/test_buy_product.py::test_buy_product_1 (call)
Start time: 2024-09-14 09:42:22.922868
Start name method: select_products_1

End time: 2024-09-14 09:42:23.102596
End name method: select_products_1
URL: https://www.saucedemo.com/cart.html

-----

-----
Test: tests/test_buy_product.py::test_buy_product_1 (call)
Start time: 2024-09-14 09:42:23.102596
Start name method: product_confirmation

End time: 2024-09-14 09:42:23.204741
End name method: product_confirmation
URL: https://www.saucedemo.com/checkout-step-one.html

-----

-----
Test: tests/test_buy_product.py::test_buy_product_1 (call)
Start time: 2024-09-14 09:42:23.204741
Start name method: input_info

End time: 2024-09-14 09:42:23.612228
End name method: input_info
URL: https://www.saucedemo.com/checkout-step-two.html

-----

-----
Test: tests/test_buy_product.py::test_buy_product_1 (call)
Start time: 2024-09-14 09:42:23.612228
Start name method: payment

End time: 2024-09-14 09:42:23.709896
End name method: payment
URL: https://www.saucedemo.com/checkout-complete.html

-----

-----
Test: tests/test_buy_product.py::test_buy_product_1 (call)
Start time: 2024-09-14 09:42:23.711112
Start name method: finish

End time: 2024-09-14 09:42:23.965611
End name method: finish
URL: https://www.saucedemo.com/checkout-complete.html

-----
